已經開始建置於 2016/12/6 下午 11:14:18。
     1>節點 2 (Build 目標) 上的專案 "C:\Users\ya fa\Documents\Visual Studio 2013\Projects\GL_hw4\GL_hw4\GL_hw4.vcxproj"。
     1>Link:
         C:\Program Files (x86)\Microsoft Visual Studio 12.0\VC\bin\link.exe /ERRORREPORT:PROMPT /OUT:"C:\Users\ya fa\Documents\Visual Studio 2013\Projects\GL_hw4\Debug\GL_hw4.exe" /INCREMENTAL /NOLOGO /LIBPATH:C:\opencv\build\x86\vc12\lib fltkd.lib fltkformsd.lib fltkgld.lib fltkimagesd.lib fltkjpegd.lib fltkpngd.lib fltkzlibd.lib opencv_calib3d2413d.lib opencv_contrib2413d.lib opencv_core2413d.lib opencv_features2d2413d.lib opencv_flann2413d.lib opencv_gpu2413d.lib opencv_highgui2413d.lib opencv_imgproc2413d.lib opencv_legacy2413d.lib opencv_ml2413d.lib opencv_nonfree2413d.lib opencv_objdetect2413d.lib opencv_ocl2413d.lib opencv_photo2413d.lib opencv_stitching2413d.lib opencv_superres2413d.lib opencv_ts2413d.lib opencv_video2413d.lib opencv_videostab2413d.lib kernel32.lib user32.lib gdi32.lib winspool.lib comdlg32.lib advapi32.lib shell32.lib ole32.lib oleaut32.lib uuid.lib odbc32.lib odbccp32.lib /MANIFEST /MANIFESTUAC:"level='asInvoker' uiAccess='false'" /manifest:embed /DEBUG /PDB:"C:\Users\ya fa\Documents\Visual Studio 2013\Projects\GL_hw4\Debug\GL_hw4.pdb" /TLBID:1 /DYNAMICBASE /NXCOMPAT /IMPLIB:"C:\Users\ya fa\Documents\Visual Studio 2013\Projects\GL_hw4\Debug\GL_hw4.lib" /MACHINE:X86 Debug\Bmp_print.obj
         Debug\Draw_sharp.obj
         Debug\bitmap.obj
         Debug\Source.obj
         LINK : 最後的累加連結找不到或未建置 C:\Users\ya fa\Documents\Visual Studio 2013\Projects\GL_hw4\Debug\GL_hw4.exe，正在執行完整連結
     1>fltkd.lib(case.obj) : warning LNK4099: 找不到 PDB 'vc120.pdb' (有 'fltkd.lib(case.obj)' 或位於 'C:\Users\ya fa\Documents\Visual Studio 2013\Projects\GL_hw4\Debug\vc120.pdb')，當做沒有偵錯資訊，連結物件
     1>fltkd.lib(filename_list.obj) : warning LNK4099: 找不到 PDB 'vc120.pdb' (有 'fltkd.lib(filename_list.obj)' 或位於 'C:\Users\ya fa\Documents\Visual Studio 2013\Projects\GL_hw4\Debug\vc120.pdb')，當做沒有偵錯資訊，連結物件
     1>fltkd.lib(filename_match.obj) : warning LNK4099: 找不到 PDB 'vc120.pdb' (有 'fltkd.lib(filename_match.obj)' 或位於 'C:\Users\ya fa\Documents\Visual Studio 2013\Projects\GL_hw4\Debug\vc120.pdb')，當做沒有偵錯資訊，連結物件
     1>fltkd.lib(Fl.obj) : warning LNK4099: 找不到 PDB 'vc120.pdb' (有 'fltkd.lib(Fl.obj)' 或位於 'C:\Users\ya fa\Documents\Visual Studio 2013\Projects\GL_hw4\Debug\vc120.pdb')，當做沒有偵錯資訊，連結物件
     1>fltkd.lib(Fl_abort.obj) : warning LNK4099: 找不到 PDB 'vc120.pdb' (有 'fltkd.lib(Fl_abort.obj)' 或位於 'C:\Users\ya fa\Documents\Visual Studio 2013\Projects\GL_hw4\Debug\vc120.pdb')，當做沒有偵錯資訊，連結物件
     1>fltkd.lib(fl_arc.obj) : warning LNK4099: 找不到 PDB 'vc120.pdb' (有 'fltkd.lib(fl_arc.obj)' 或位於 'C:\Users\ya fa\Documents\Visual Studio 2013\Projects\GL_hw4\Debug\vc120.pdb')，當做沒有偵錯資訊，連結物件
     1>fltkd.lib(fl_arci.obj) : warning LNK4099: 找不到 PDB 'vc120.pdb' (有 'fltkd.lib(fl_arci.obj)' 或位於 'C:\Users\ya fa\Documents\Visual Studio 2013\Projects\GL_hw4\Debug\vc120.pdb')，當做沒有偵錯資訊，連結物件
     1>fltkd.lib(Fl_arg.obj) : warning LNK4099: 找不到 PDB 'vc120.pdb' (有 'fltkd.lib(Fl_arg.obj)' 或位於 'C:\Users\ya fa\Documents\Visual Studio 2013\Projects\GL_hw4\Debug\vc120.pdb')，當做沒有偵錯資訊，連結物件
     1>fltkd.lib(fl_ask.obj) : warning LNK4099: 找不到 PDB 'vc120.pdb' (有 'fltkd.lib(fl_ask.obj)' 或位於 'C:\Users\ya fa\Documents\Visual Studio 2013\Projects\GL_hw4\Debug\vc120.pdb')，當做沒有偵錯資訊，連結物件
     1>fltkd.lib(Fl_Bitmap.obj) : warning LNK4099: 找不到 PDB 'vc120.pdb' (有 'fltkd.lib(Fl_Bitmap.obj)' 或位於 'C:\Users\ya fa\Documents\Visual Studio 2013\Projects\GL_hw4\Debug\vc120.pdb')，當做沒有偵錯資訊，連結物件
     1>fltkd.lib(Fl_Box.obj) : warning LNK4099: 找不到 PDB 'vc120.pdb' (有 'fltkd.lib(Fl_Box.obj)' 或位於 'C:\Users\ya fa\Documents\Visual Studio 2013\Projects\GL_hw4\Debug\vc120.pdb')，當做沒有偵錯資訊，連結物件
     1>fltkd.lib(fl_boxtype.obj) : warning LNK4099: 找不到 PDB 'vc120.pdb' (有 'fltkd.lib(fl_boxtype.obj)' 或位於 'C:\Users\ya fa\Documents\Visual Studio 2013\Projects\GL_hw4\Debug\vc120.pdb')，當做沒有偵錯資訊，連結物件
     1>fltkd.lib(Fl_Button.obj) : warning LNK4099: 找不到 PDB 'vc120.pdb' (有 'fltkd.lib(Fl_Button.obj)' 或位於 'C:\Users\ya fa\Documents\Visual Studio 2013\Projects\GL_hw4\Debug\vc120.pdb')，當做沒有偵錯資訊，連結物件
     1>fltkd.lib(fl_color.obj) : warning LNK4099: 找不到 PDB 'vc120.pdb' (有 'fltkd.lib(fl_color.obj)' 或位於 'C:\Users\ya fa\Documents\Visual Studio 2013\Projects\GL_hw4\Debug\vc120.pdb')，當做沒有偵錯資訊，連結物件
     1>fltkd.lib(Fl_compose.obj) : warning LNK4099: 找不到 PDB 'vc120.pdb' (有 'fltkd.lib(Fl_compose.obj)' 或位於 'C:\Users\ya fa\Documents\Visual Studio 2013\Projects\GL_hw4\Debug\vc120.pdb')，當做沒有偵錯資訊，連結物件
     1>fltkd.lib(fl_cursor.obj) : warning LNK4099: 找不到 PDB 'vc120.pdb' (有 'fltkd.lib(fl_cursor.obj)' 或位於 'C:\Users\ya fa\Documents\Visual Studio 2013\Projects\GL_hw4\Debug\vc120.pdb')，當做沒有偵錯資訊，連結物件
     1>fltkd.lib(fl_curve.obj) : warning LNK4099: 找不到 PDB 'vc120.pdb' (有 'fltkd.lib(fl_curve.obj)' 或位於 'C:\Users\ya fa\Documents\Visual Studio 2013\Projects\GL_hw4\Debug\vc120.pdb')，當做沒有偵錯資訊，連結物件
     1>fltkd.lib(Fl_Device.obj) : warning LNK4099: 找不到 PDB 'vc120.pdb' (有 'fltkd.lib(Fl_Device.obj)' 或位於 'C:\Users\ya fa\Documents\Visual Studio 2013\Projects\GL_hw4\Debug\vc120.pdb')，當做沒有偵錯資訊，連結物件
     1>fltkd.lib(fl_dnd.obj) : warning LNK4099: 找不到 PDB 'vc120.pdb' (有 'fltkd.lib(fl_dnd.obj)' 或位於 'C:\Users\ya fa\Documents\Visual Studio 2013\Projects\GL_hw4\Debug\vc120.pdb')，當做沒有偵錯資訊，連結物件
     1>fltkd.lib(Fl_Double_Window.obj) : warning LNK4099: 找不到 PDB 'vc120.pdb' (有 'fltkd.lib(Fl_Double_Window.obj)' 或位於 'C:\Users\ya fa\Documents\Visual Studio 2013\Projects\GL_hw4\Debug\vc120.pdb')，當做沒有偵錯資訊，連結物件
     1>fltkd.lib(fl_draw.obj) : warning LNK4099: 找不到 PDB 'vc120.pdb' (有 'fltkd.lib(fl_draw.obj)' 或位於 'C:\Users\ya fa\Documents\Visual Studio 2013\Projects\GL_hw4\Debug\vc120.pdb')，當做沒有偵錯資訊，連結物件
     1>fltkd.lib(fl_draw_image.obj) : warning LNK4099: 找不到 PDB 'vc120.pdb' (有 'fltkd.lib(fl_draw_image.obj)' 或位於 'C:\Users\ya fa\Documents\Visual Studio 2013\Projects\GL_hw4\Debug\vc120.pdb')，當做沒有偵錯資訊，連結物件
     1>fltkd.lib(fl_draw_pixmap.obj) : warning LNK4099: 找不到 PDB 'vc120.pdb' (有 'fltkd.lib(fl_draw_pixmap.obj)' 或位於 'C:\Users\ya fa\Documents\Visual Studio 2013\Projects\GL_hw4\Debug\vc120.pdb')，當做沒有偵錯資訊，連結物件
     1>fltkd.lib(fl_font.obj) : warning LNK4099: 找不到 PDB 'vc120.pdb' (有 'fltkd.lib(fl_font.obj)' 或位於 'C:\Users\ya fa\Documents\Visual Studio 2013\Projects\GL_hw4\Debug\vc120.pdb')，當做沒有偵錯資訊，連結物件
     1>fltkd.lib(Fl_get_system_colors.obj) : warning LNK4099: 找不到 PDB 'vc120.pdb' (有 'fltkd.lib(Fl_get_system_colors.obj)' 或位於 'C:\Users\ya fa\Documents\Visual Studio 2013\Projects\GL_hw4\Debug\vc120.pdb')，當做沒有偵錯資訊，連結物件
     1>fltkd.lib(Fl_grab.obj) : warning LNK4099: 找不到 PDB 'vc120.pdb' (有 'fltkd.lib(Fl_grab.obj)' 或位於 'C:\Users\ya fa\Documents\Visual Studio 2013\Projects\GL_hw4\Debug\vc120.pdb')，當做沒有偵錯資訊，連結物件
     1>fltkd.lib(Fl_Group.obj) : warning LNK4099: 找不到 PDB 'vc120.pdb' (有 'fltkd.lib(Fl_Group.obj)' 或位於 'C:\Users\ya fa\Documents\Visual Studio 2013\Projects\GL_hw4\Debug\vc120.pdb')，當做沒有偵錯資訊，連結物件
     1>fltkd.lib(fl_gtk.obj) : warning LNK4099: 找不到 PDB 'vc120.pdb' (有 'fltkd.lib(fl_gtk.obj)' 或位於 'C:\Users\ya fa\Documents\Visual Studio 2013\Projects\GL_hw4\Debug\vc120.pdb')，當做沒有偵錯資訊，連結物件
     1>fltkd.lib(fl_gleam.obj) : warning LNK4099: 找不到 PDB 'vc120.pdb' (有 'fltkd.lib(fl_gleam.obj)' 或位於 'C:\Users\ya fa\Documents\Visual Studio 2013\Projects\GL_hw4\Debug\vc120.pdb')，當做沒有偵錯資訊，連結物件
     1>fltkd.lib(Fl_Image.obj) : warning LNK4099: 找不到 PDB 'vc120.pdb' (有 'fltkd.lib(Fl_Image.obj)' 或位於 'C:\Users\ya fa\Documents\Visual Studio 2013\Projects\GL_hw4\Debug\vc120.pdb')，當做沒有偵錯資訊，連結物件
     1>fltkd.lib(Fl_Input.obj) : warning LNK4099: 找不到 PDB 'vc120.pdb' (有 'fltkd.lib(Fl_Input.obj)' 或位於 'C:\Users\ya fa\Documents\Visual Studio 2013\Projects\GL_hw4\Debug\vc120.pdb')，當做沒有偵錯資訊，連結物件
     1>fltkd.lib(Fl_Input_.obj) : warning LNK4099: 找不到 PDB 'vc120.pdb' (有 'fltkd.lib(Fl_Input_.obj)' 或位於 'C:\Users\ya fa\Documents\Visual Studio 2013\Projects\GL_hw4\Debug\vc120.pdb')，當做沒有偵錯資訊，連結物件
     1>fltkd.lib(fl_labeltype.obj) : warning LNK4099: 找不到 PDB 'vc120.pdb' (有 'fltkd.lib(fl_labeltype.obj)' 或位於 'C:\Users\ya fa\Documents\Visual Studio 2013\Projects\GL_hw4\Debug\vc120.pdb')，當做沒有偵錯資訊，連結物件
     1>fltkd.lib(fl_line_style.obj) : warning LNK4099: 找不到 PDB 'vc120.pdb' (有 'fltkd.lib(fl_line_style.obj)' 或位於 'C:\Users\ya fa\Documents\Visual Studio 2013\Projects\GL_hw4\Debug\vc120.pdb')，當做沒有偵錯資訊，連結物件
     1>fltkd.lib(Fl_lock.obj) : warning LNK4099: 找不到 PDB 'vc120.pdb' (有 'fltkd.lib(Fl_lock.obj)' 或位於 'C:\Users\ya fa\Documents\Visual Studio 2013\Projects\GL_hw4\Debug\vc120.pdb')，當做沒有偵錯資訊，連結物件
     1>fltkd.lib(Fl_Menu.obj) : warning LNK4099: 找不到 PDB 'vc120.pdb' (有 'fltkd.lib(Fl_Menu.obj)' 或位於 'C:\Users\ya fa\Documents\Visual Studio 2013\Projects\GL_hw4\Debug\vc120.pdb')，當做沒有偵錯資訊，連結物件
     1>fltkd.lib(Fl_Menu_.obj) : warning LNK4099: 找不到 PDB 'vc120.pdb' (有 'fltkd.lib(Fl_Menu_.obj)' 或位於 'C:\Users\ya fa\Documents\Visual Studio 2013\Projects\GL_hw4\Debug\vc120.pdb')，當做沒有偵錯資訊，連結物件
     1>fltkd.lib(Fl_Menu_add.obj) : warning LNK4099: 找不到 PDB 'vc120.pdb' (有 'fltkd.lib(Fl_Menu_add.obj)' 或位於 'C:\Users\ya fa\Documents\Visual Studio 2013\Projects\GL_hw4\Debug\vc120.pdb')，當做沒有偵錯資訊，連結物件
     1>fltkd.lib(Fl_Menu_Button.obj) : warning LNK4099: 找不到 PDB 'vc120.pdb' (有 'fltkd.lib(Fl_Menu_Button.obj)' 或位於 'C:\Users\ya fa\Documents\Visual Studio 2013\Projects\GL_hw4\Debug\vc120.pdb')，當做沒有偵錯資訊，連結物件
     1>fltkd.lib(Fl_Menu_Window.obj) : warning LNK4099: 找不到 PDB 'vc120.pdb' (有 'fltkd.lib(Fl_Menu_Window.obj)' 或位於 'C:\Users\ya fa\Documents\Visual Studio 2013\Projects\GL_hw4\Debug\vc120.pdb')，當做沒有偵錯資訊，連結物件
     1>fltkd.lib(Fl_Overlay_Window.obj) : warning LNK4099: 找不到 PDB 'vc120.pdb' (有 'fltkd.lib(Fl_Overlay_Window.obj)' 或位於 'C:\Users\ya fa\Documents\Visual Studio 2013\Projects\GL_hw4\Debug\vc120.pdb')，當做沒有偵錯資訊，連結物件
     1>fltkd.lib(Fl_Pixmap.obj) : warning LNK4099: 找不到 PDB 'vc120.pdb' (有 'fltkd.lib(Fl_Pixmap.obj)' 或位於 'C:\Users\ya fa\Documents\Visual Studio 2013\Projects\GL_hw4\Debug\vc120.pdb')，當做沒有偵錯資訊，連結物件
     1>fltkd.lib(fl_plastic.obj) : warning LNK4099: 找不到 PDB 'vc120.pdb' (有 'fltkd.lib(fl_plastic.obj)' 或位於 'C:\Users\ya fa\Documents\Visual Studio 2013\Projects\GL_hw4\Debug\vc120.pdb')，當做沒有偵錯資訊，連結物件
     1>fltkd.lib(Fl_Preferences.obj) : warning LNK4099: 找不到 PDB 'vc120.pdb' (有 'fltkd.lib(Fl_Preferences.obj)' 或位於 'C:\Users\ya fa\Documents\Visual Studio 2013\Projects\GL_hw4\Debug\vc120.pdb')，當做沒有偵錯資訊，連結物件
     1>fltkd.lib(fl_read_image.obj) : warning LNK4099: 找不到 PDB 'vc120.pdb' (有 'fltkd.lib(fl_read_image.obj)' 或位於 'C:\Users\ya fa\Documents\Visual Studio 2013\Projects\GL_hw4\Debug\vc120.pdb')，當做沒有偵錯資訊，連結物件
     1>fltkd.lib(fl_rect.obj) : warning LNK4099: 找不到 PDB 'vc120.pdb' (有 'fltkd.lib(fl_rect.obj)' 或位於 'C:\Users\ya fa\Documents\Visual Studio 2013\Projects\GL_hw4\Debug\vc120.pdb')，當做沒有偵錯資訊，連結物件
     1>fltkd.lib(Fl_Repeat_Button.obj) : warning LNK4099: 找不到 PDB 'vc120.pdb' (有 'fltkd.lib(Fl_Repeat_Button.obj)' 或位於 'C:\Users\ya fa\Documents\Visual Studio 2013\Projects\GL_hw4\Debug\vc120.pdb')，當做沒有偵錯資訊，連結物件
     1>fltkd.lib(Fl_Return_Button.obj) : warning LNK4099: 找不到 PDB 'vc120.pdb' (有 'fltkd.lib(Fl_Return_Button.obj)' 或位於 'C:\Users\ya fa\Documents\Visual Studio 2013\Projects\GL_hw4\Debug\vc120.pdb')，當做沒有偵錯資訊，連結物件
     1>fltkd.lib(fl_round_box.obj) : warning LNK4099: 找不到 PDB 'vc120.pdb' (有 'fltkd.lib(fl_round_box.obj)' 或位於 'C:\Users\ya fa\Documents\Visual Studio 2013\Projects\GL_hw4\Debug\vc120.pdb')，當做沒有偵錯資訊，連結物件
     1>fltkd.lib(fl_shortcut.obj) : warning LNK4099: 找不到 PDB 'vc120.pdb' (有 'fltkd.lib(fl_shortcut.obj)' 或位於 'C:\Users\ya fa\Documents\Visual Studio 2013\Projects\GL_hw4\Debug\vc120.pdb')，當做沒有偵錯資訊，連結物件
     1>fltkd.lib(Fl_Single_Window.obj) : warning LNK4099: 找不到 PDB 'vc120.pdb' (有 'fltkd.lib(Fl_Single_Window.obj)' 或位於 'C:\Users\ya fa\Documents\Visual Studio 2013\Projects\GL_hw4\Debug\vc120.pdb')，當做沒有偵錯資訊，連結物件
     1>fltkd.lib(fl_symbols.obj) : warning LNK4099: 找不到 PDB 'vc120.pdb' (有 'fltkd.lib(fl_symbols.obj)' 或位於 'C:\Users\ya fa\Documents\Visual Studio 2013\Projects\GL_hw4\Debug\vc120.pdb')，當做沒有偵錯資訊，連結物件
     1>fltkd.lib(Fl_Tiled_Image.obj) : warning LNK4099: 找不到 PDB 'vc120.pdb' (有 'fltkd.lib(Fl_Tiled_Image.obj)' 或位於 'C:\Users\ya fa\Documents\Visual Studio 2013\Projects\GL_hw4\Debug\vc120.pdb')，當做沒有偵錯資訊，連結物件
     1>fltkd.lib(Fl_Tooltip.obj) : warning LNK4099: 找不到 PDB 'vc120.pdb' (有 'fltkd.lib(Fl_Tooltip.obj)' 或位於 'C:\Users\ya fa\Documents\Visual Studio 2013\Projects\GL_hw4\Debug\vc120.pdb')，當做沒有偵錯資訊，連結物件
     1>fltkd.lib(fl_utf.obj) : warning LNK4099: 找不到 PDB 'vc120.pdb' (有 'fltkd.lib(fl_utf.obj)' 或位於 'C:\Users\ya fa\Documents\Visual Studio 2013\Projects\GL_hw4\Debug\vc120.pdb')，當做沒有偵錯資訊，連結物件
     1>fltkd.lib(fl_utf8.obj) : warning LNK4099: 找不到 PDB 'vc120.pdb' (有 'fltkd.lib(fl_utf8.obj)' 或位於 'C:\Users\ya fa\Documents\Visual Studio 2013\Projects\GL_hw4\Debug\vc120.pdb')，當做沒有偵錯資訊，連結物件
     1>fltkd.lib(fl_vertex.obj) : warning LNK4099: 找不到 PDB 'vc120.pdb' (有 'fltkd.lib(fl_vertex.obj)' 或位於 'C:\Users\ya fa\Documents\Visual Studio 2013\Projects\GL_hw4\Debug\vc120.pdb')，當做沒有偵錯資訊，連結物件
     1>fltkd.lib(Fl_Widget.obj) : warning LNK4099: 找不到 PDB 'vc120.pdb' (有 'fltkd.lib(Fl_Widget.obj)' 或位於 'C:\Users\ya fa\Documents\Visual Studio 2013\Projects\GL_hw4\Debug\vc120.pdb')，當做沒有偵錯資訊，連結物件
     1>fltkd.lib(Fl_Window.obj) : warning LNK4099: 找不到 PDB 'vc120.pdb' (有 'fltkd.lib(Fl_Window.obj)' 或位於 'C:\Users\ya fa\Documents\Visual Studio 2013\Projects\GL_hw4\Debug\vc120.pdb')，當做沒有偵錯資訊，連結物件
     1>fltkd.lib(Fl_Window_fullscreen.obj) : warning LNK4099: 找不到 PDB 'vc120.pdb' (有 'fltkd.lib(Fl_Window_fullscreen.obj)' 或位於 'C:\Users\ya fa\Documents\Visual Studio 2013\Projects\GL_hw4\Debug\vc120.pdb')，當做沒有偵錯資訊，連結物件
     1>fltkd.lib(Fl_Window_hotspot.obj) : warning LNK4099: 找不到 PDB 'vc120.pdb' (有 'fltkd.lib(Fl_Window_hotspot.obj)' 或位於 'C:\Users\ya fa\Documents\Visual Studio 2013\Projects\GL_hw4\Debug\vc120.pdb')，當做沒有偵錯資訊，連結物件
     1>fltkd.lib(Fl_Window_shape.obj) : warning LNK4099: 找不到 PDB 'vc120.pdb' (有 'fltkd.lib(Fl_Window_shape.obj)' 或位於 'C:\Users\ya fa\Documents\Visual Studio 2013\Projects\GL_hw4\Debug\vc120.pdb')，當做沒有偵錯資訊，連結物件
     1>fltkd.lib(flstring.obj) : warning LNK4099: 找不到 PDB 'vc120.pdb' (有 'fltkd.lib(flstring.obj)' 或位於 'C:\Users\ya fa\Documents\Visual Studio 2013\Projects\GL_hw4\Debug\vc120.pdb')，當做沒有偵錯資訊，連結物件
     1>fltkd.lib(is_spacing.obj) : warning LNK4099: 找不到 PDB 'vc120.pdb' (有 'fltkd.lib(is_spacing.obj)' 或位於 'C:\Users\ya fa\Documents\Visual Studio 2013\Projects\GL_hw4\Debug\vc120.pdb')，當做沒有偵錯資訊，連結物件
     1>fltkd.lib(numericsort.obj) : warning LNK4099: 找不到 PDB 'vc120.pdb' (有 'fltkd.lib(numericsort.obj)' 或位於 'C:\Users\ya fa\Documents\Visual Studio 2013\Projects\GL_hw4\Debug\vc120.pdb')，當做沒有偵錯資訊，連結物件
     1>fltkd.lib(scandir.obj) : warning LNK4099: 找不到 PDB 'vc120.pdb' (有 'fltkd.lib(scandir.obj)' 或位於 'C:\Users\ya fa\Documents\Visual Studio 2013\Projects\GL_hw4\Debug\vc120.pdb')，當做沒有偵錯資訊，連結物件
     1>fltkd.lib(screen_xywh.obj) : warning LNK4099: 找不到 PDB 'vc120.pdb' (有 'fltkd.lib(screen_xywh.obj)' 或位於 'C:\Users\ya fa\Documents\Visual Studio 2013\Projects\GL_hw4\Debug\vc120.pdb')，當做沒有偵錯資訊，連結物件
     1>fltkd.lib(vsnprintf.obj) : warning LNK4099: 找不到 PDB 'vc120.pdb' (有 'fltkd.lib(vsnprintf.obj)' 或位於 'C:\Users\ya fa\Documents\Visual Studio 2013\Projects\GL_hw4\Debug\vc120.pdb')，當做沒有偵錯資訊，連結物件
     1>fltkgld.lib(Fl_Gl_Choice.obj) : warning LNK4099: 找不到 PDB 'vc120.pdb' (有 'fltkgld.lib(Fl_Gl_Choice.obj)' 或位於 'C:\Users\ya fa\Documents\Visual Studio 2013\Projects\GL_hw4\Debug\vc120.pdb')，當做沒有偵錯資訊，連結物件
     1>fltkgld.lib(Fl_Gl_Device_Plugin.obj) : warning LNK4099: 找不到 PDB 'vc120.pdb' (有 'fltkgld.lib(Fl_Gl_Device_Plugin.obj)' 或位於 'C:\Users\ya fa\Documents\Visual Studio 2013\Projects\GL_hw4\Debug\vc120.pdb')，當做沒有偵錯資訊，連結物件
     1>fltkgld.lib(Fl_Gl_Window.obj) : warning LNK4099: 找不到 PDB 'vc120.pdb' (有 'fltkgld.lib(Fl_Gl_Window.obj)' 或位於 'C:\Users\ya fa\Documents\Visual Studio 2013\Projects\GL_hw4\Debug\vc120.pdb')，當做沒有偵錯資訊，連結物件
     1>fltkgld.lib(gl_draw.obj) : warning LNK4099: 找不到 PDB 'vc120.pdb' (有 'fltkgld.lib(gl_draw.obj)' 或位於 'C:\Users\ya fa\Documents\Visual Studio 2013\Projects\GL_hw4\Debug\vc120.pdb')，當做沒有偵錯資訊，連結物件
         GL_hw4.vcxproj -> C:\Users\ya fa\Documents\Visual Studio 2013\Projects\GL_hw4\Debug\GL_hw4.exe
     1>專案 "C:\Users\ya fa\Documents\Visual Studio 2013\Projects\GL_hw4\GL_hw4\GL_hw4.vcxproj" (Build 目標) 建置完成。

建置成功。

經過時間 00:00:00.53
